[2022-02-28T01:06:47.479502+01:00] flutterwave/rave.NOTICE: Generating Reference Number.... [] []
[2022-02-28T01:06:47.556713+01:00] flutterwave/rave.NOTICE: Generated Reference Number....MY_NAME_5a22a7f270abc8879 [] []
[2022-02-28T01:06:47.556903+01:00] flutterwave/rave.NOTICE: Rave Class Initializes.... [] []
[2022-02-28T01:06:47.557064+01:00] flutterwave/rave.NOTICE: Generating Checksum.... [] []
[2022-02-28T01:07:42.531289+01:00] flutterwave/rave.NOTICE: Generating Reference Number.... [] []
[2022-02-28T01:07:42.535266+01:00] flutterwave/rave.NOTICE: Generated Reference Number....MY_NAME_5a22a7f270abc8879 [] []
[2022-02-28T01:07:42.546383+01:00] flutterwave/rave.NOTICE: Rave Class Initializes.... [] []
[2022-02-28T01:07:42.546579+01:00] flutterwave/rave.NOTICE: Generating Checksum.... [] []
[2022-02-28T01:08:11.755062+01:00] flutterwave/rave.NOTICE: Generating Reference Number.... [] []
[2022-02-28T01:08:11.758738+01:00] flutterwave/rave.NOTICE: Generated Reference Number....MY_NAME_5a22a7f270abc8879 [] []
[2022-02-28T01:08:11.758862+01:00] flutterwave/rave.NOTICE: Rave Class Initializes.... [] []
[2022-02-28T01:08:11.758977+01:00] flutterwave/rave.NOTICE: Generating Checksum.... [] []
[2022-02-28T01:08:45.196718+01:00] flutterwave/rave.NOTICE: Generating Reference Number.... [] []
[2022-02-28T01:08:45.202270+01:00] flutterwave/rave.NOTICE: Generated Reference Number....MY_NAME_5a22a7f270abc8879 [] []
[2022-02-28T01:08:45.202385+01:00] flutterwave/rave.NOTICE: Rave Class Initializes.... [] []
[2022-02-28T01:08:45.202552+01:00] flutterwave/rave.NOTICE: Generating Checksum.... [] []
[2022-02-28T01:09:42.913342+01:00] flutterwave/rave.NOTICE: Generating Reference Number.... [] []
[2022-02-28T01:09:42.917736+01:00] flutterwave/rave.NOTICE: Generated Reference Number....MY_NAME_5a22a7f270abc8879 [] []
[2022-02-28T01:09:42.917863+01:00] flutterwave/rave.NOTICE: Rave Class Initializes.... [] []
[2022-02-28T01:09:42.917984+01:00] flutterwave/rave.NOTICE: Generating Checksum.... [] []
[2022-02-28T01:10:29.674128+01:00] flutterwave/rave.NOTICE: Generating Reference Number.... [] []
[2022-02-28T01:10:29.687473+01:00] flutterwave/rave.NOTICE: Generated Reference Number....MY_NAME_5a22a7f270abc8879 [] []
[2022-02-28T01:10:29.687637+01:00] flutterwave/rave.NOTICE: Rave Class Initializes.... [] []
[2022-02-28T01:10:29.687820+01:00] flutterwave/rave.NOTICE: Generating Checksum.... [] []
[2022-02-28T01:11:22.985159+01:00] flutterwave/rave.NOTICE: Generating Reference Number.... [] []
[2022-02-28T01:11:22.989648+01:00] flutterwave/rave.NOTICE: Generated Reference Number....MY_NAME_5a22a7f270abc8879 [] []
[2022-02-28T01:11:22.989743+01:00] flutterwave/rave.NOTICE: Rave Class Initializes.... [] []
[2022-02-28T01:11:22.989874+01:00] flutterwave/rave.NOTICE: Generating Checksum.... [] []
[2022-02-28T01:15:14.968203+01:00] flutterwave/rave.NOTICE: Generating Reference Number.... [] []
[2022-02-28T01:15:14.971554+01:00] flutterwave/rave.NOTICE: Generated Reference Number....MY_NAME_5a22a7f270abc8879 [] []
[2022-02-28T01:15:14.971643+01:00] flutterwave/rave.NOTICE: Rave Class Initializes.... [] []
[2022-02-28T01:15:14.972386+01:00] flutterwave/rave.NOTICE: Generating Checksum.... [] []
[2022-02-28T01:15:57.340593+01:00] flutterwave/rave.NOTICE: Generating Reference Number.... [] []
[2022-02-28T01:15:57.344801+01:00] flutterwave/rave.NOTICE: Generated Reference Number....MY_NAME_5a22a7f270abc8879 [] []
[2022-02-28T01:15:57.344910+01:00] flutterwave/rave.NOTICE: Rave Class Initializes.... [] []
[2022-02-28T01:15:57.345056+01:00] flutterwave/rave.NOTICE: Generating Checksum.... [] []
[2022-02-28T01:17:08.548507+01:00] flutterwave/rave.NOTICE: Generating Reference Number.... [] []
[2022-02-28T01:17:08.552488+01:00] flutterwave/rave.NOTICE: Generated Reference Number....MY_NAME_5a22a7f270abc8879 [] []
[2022-02-28T01:17:08.552594+01:00] flutterwave/rave.NOTICE: Rave Class Initializes.... [] []
[2022-02-28T01:17:08.552694+01:00] flutterwave/rave.NOTICE: Generating Checksum.... [] []
[2022-02-28T01:21:59.086468+01:00] flutterwave/rave.NOTICE: Generating Reference Number.... [] []
[2022-02-28T01:21:59.094839+01:00] flutterwave/rave.NOTICE: Generated Reference Number....MY_NAME_5a22a7f270abc8879 [] []
[2022-02-28T01:21:59.094947+01:00] flutterwave/rave.NOTICE: Rave Class Initializes.... [] []
[2022-02-28T01:21:59.095044+01:00] flutterwave/rave.NOTICE: Generating Checksum.... [] []
[2022-02-28T01:22:29.436676+01:00] flutterwave/rave.NOTICE: Generating Reference Number.... [] []
[2022-02-28T01:22:29.450625+01:00] flutterwave/rave.NOTICE: Generated Reference Number....MY_NAME_5a22a7f270abc8879 [] []
[2022-02-28T01:22:29.450753+01:00] flutterwave/rave.NOTICE: Rave Class Initializes.... [] []
[2022-02-28T01:22:29.450859+01:00] flutterwave/rave.NOTICE: Generating Checksum.... [] []
[2022-02-28T01:22:40.056203+01:00] flutterwave/rave.NOTICE: Generating Reference Number.... [] []
[2022-02-28T01:22:40.062060+01:00] flutterwave/rave.NOTICE: Generated Reference Number....MY_NAME_5a22a7f270abc8879 [] []
[2022-02-28T01:22:40.062178+01:00] flutterwave/rave.NOTICE: Rave Class Initializes.... [] []
[2022-02-28T01:22:40.062271+01:00] flutterwave/rave.NOTICE: Generating Checksum.... [] []
[2022-02-28T01:23:09.241072+01:00] flutterwave/rave.NOTICE: Generating Reference Number.... [] []
[2022-02-28T01:23:09.246380+01:00] flutterwave/rave.NOTICE: Generated Reference Number....MY_NAME_5a22a7f270abc8879 [] []
[2022-02-28T01:23:09.246497+01:00] flutterwave/rave.NOTICE: Rave Class Initializes.... [] []
[2022-02-28T01:23:09.246663+01:00] flutterwave/rave.NOTICE: Generating Checksum.... [] []
[2022-02-28T01:34:58.730889+01:00] flutterwave/rave.NOTICE: Generating Reference Number.... [] []
[2022-02-28T01:34:58.733794+01:00] flutterwave/rave.NOTICE: Generated Reference Number....MY_NAME_5a22a7f270abc8879 [] []
[2022-02-28T01:34:58.733874+01:00] flutterwave/rave.NOTICE: Rave Class Initializes.... [] []
[2022-02-28T01:34:58.733953+01:00] flutterwave/rave.NOTICE: Generating Checksum.... [] []
[2022-02-28T01:35:13.203150+01:00] flutterwave/rave.NOTICE: Generating Reference Number.... [] []
[2022-02-28T01:35:13.212330+01:00] flutterwave/rave.NOTICE: Generated Reference Number....OMAE SOFTWARE_621c18c133d4e [] []
[2022-02-28T01:35:13.212442+01:00] flutterwave/rave.NOTICE: Rave Class Initializes.... [] []
[2022-02-28T01:35:13.212599+01:00] flutterwave/rave.NOTICE: Payment was canceled by user..OMAE SOFTWARE_621c18c133d4e [] []
[2022-02-28T01:36:39.975165+01:00] flutterwave/rave.NOTICE: Generating Reference Number.... [] []
[2022-02-28T01:36:39.978033+01:00] flutterwave/rave.NOTICE: Generated Reference Number....MY_NAME_5a22a7f270abc8879 [] []
[2022-02-28T01:36:39.978132+01:00] flutterwave/rave.NOTICE: Rave Class Initializes.... [] []
[2022-02-28T01:36:39.978214+01:00] flutterwave/rave.NOTICE: Generating Checksum.... [] []
[2022-02-28T01:37:20.131821+01:00] flutterwave/rave.NOTICE: Generating Reference Number.... [] []
[2022-02-28T01:37:20.135437+01:00] flutterwave/rave.NOTICE: Generated Reference Number....MY_NAME_5a22a7f270abc8879 [] []
[2022-02-28T01:37:20.135531+01:00] flutterwave/rave.NOTICE: Rave Class Initializes.... [] []
[2022-02-28T01:37:20.135621+01:00] flutterwave/rave.NOTICE: Generating Checksum.... [] []
[2022-02-28T01:39:40.312726+01:00] flutterwave/rave.NOTICE: Generating Reference Number.... [] []
[2022-02-28T01:39:40.316116+01:00] flutterwave/rave.NOTICE: Generated Reference Number....MY_NAME_5a22a7f270abc8879 [] []
[2022-02-28T01:39:40.316206+01:00] flutterwave/rave.NOTICE: Rave Class Initializes.... [] []
[2022-02-28T01:39:40.316289+01:00] flutterwave/rave.NOTICE: Generating Checksum.... [] []
[2022-02-28T01:41:10.270698+01:00] flutterwave/rave.NOTICE: Generating Reference Number.... [] []
[2022-02-28T01:41:10.273091+01:00] flutterwave/rave.NOTICE: Generated Reference Number....MY_NAME_5a22a7f270abc88866 [] []
[2022-02-28T01:41:10.273171+01:00] flutterwave/rave.NOTICE: Rave Class Initializes.... [] []
[2022-02-28T01:41:10.273249+01:00] flutterwave/rave.NOTICE: Generating Checksum.... [] []
[2022-02-28T01:41:22.160067+01:00] flutterwave/rave.NOTICE: Generating Reference Number.... [] []
[2022-02-28T01:41:22.169970+01:00] flutterwave/rave.NOTICE: Generated Reference Number....OMAE SOFTWARE_621c1a32297d5 [] []
[2022-02-28T01:41:22.170099+01:00] flutterwave/rave.NOTICE: Rave Class Initializes.... [] []
[2022-02-28T01:41:31.619430+01:00] flutterwave/rave.NOTICE: Generating Reference Number.... [] []
[2022-02-28T01:41:31.621692+01:00] flutterwave/rave.NOTICE: Generated Reference Number....OMAE SOFTWARE_621c1a3b97c6c [] []
[2022-02-28T01:41:31.621772+01:00] flutterwave/rave.NOTICE: Rave Class Initializes.... [] []
[2022-02-28T01:41:37.263873+01:00] flutterwave/rave.NOTICE: Generating Reference Number.... [] []
[2022-02-28T01:41:37.269392+01:00] flutterwave/rave.NOTICE: Generated Reference Number....MY_NAME_5a22a7f270abc88866 [] []
[2022-02-28T01:41:37.269496+01:00] flutterwave/rave.NOTICE: Rave Class Initializes.... [] []
[2022-02-28T01:41:37.269579+01:00] flutterwave/rave.NOTICE: Generating Checksum.... [] []
[2022-02-28T01:43:08.280435+01:00] flutterwave/rave.NOTICE: Generating Reference Number.... [] []
[2022-02-28T01:43:08.283008+01:00] flutterwave/rave.NOTICE: Generated Reference Number....MY_NAME_5a22a7f270abc88866 [] []
[2022-02-28T01:43:08.283094+01:00] flutterwave/rave.NOTICE: Rave Class Initializes.... [] []
[2022-02-28T01:43:08.283179+01:00] flutterwave/rave.NOTICE: Generating Checksum.... [] []
[2022-02-28T01:52:09.520051+01:00] flutterwave/rave.NOTICE: Generating Reference Number.... [] []
[2022-02-28T01:52:09.528622+01:00] flutterwave/rave.NOTICE: Generated Reference Number....MY_NAME_5a22a7f270abc88866 [] []
[2022-02-28T01:52:09.528750+01:00] flutterwave/rave.NOTICE: Rave Class Initializes.... [] []
[2022-02-28T01:52:09.528857+01:00] flutterwave/rave.NOTICE: Generating Checksum.... [] []
[2022-02-28T01:52:26.720526+01:00] flutterwave/rave.NOTICE: Generating Reference Number.... [] []
[2022-02-28T01:52:26.725146+01:00] flutterwave/rave.NOTICE: Generated Reference Number....MY_NAME_5a22a7f270abc88866 [] []
[2022-02-28T01:52:26.725250+01:00] flutterwave/rave.NOTICE: Rave Class Initializes.... [] []
[2022-02-28T01:52:26.725349+01:00] flutterwave/rave.NOTICE: Generating Checksum.... [] []
[2022-02-28T02:06:19.112940+01:00] flutterwave/rave.NOTICE: Generating Reference Number.... [] []
[2022-02-28T02:06:19.154627+01:00] flutterwave/rave.NOTICE: Generated Reference Number....MY_NAME_5a22a7f270abc88866 [] []
[2022-02-28T02:06:19.154748+01:00] flutterwave/rave.NOTICE: Rave Class Initializes.... [] []
[2022-02-28T02:06:19.154829+01:00] flutterwave/rave.NOTICE: Generating Checksum.... [] []
[2022-02-28T22:12:38.673599+01:00] flutterwave/rave.NOTICE: Generating Reference Number.... [] []
[2022-02-28T22:12:38.736716+01:00] flutterwave/rave.NOTICE: Generated Reference Number....MY_NAME_5a22a7f270abc88866 [] []
[2022-02-28T22:12:38.736804+01:00] flutterwave/rave.NOTICE: Rave Class Initializes.... [] []
[2022-02-28T22:12:38.736889+01:00] flutterwave/rave.NOTICE: Generating Checksum.... [] []
[2022-02-28T22:22:48.666425+01:00] flutterwave/rave.NOTICE: Generating Reference Number.... [] []
[2022-02-28T22:22:48.672870+01:00] flutterwave/rave.NOTICE: Generated Reference Number....MY_NAME_5a22a7f270abc88866 [] []
[2022-02-28T22:22:48.672974+01:00] flutterwave/rave.NOTICE: Rave Class Initializes.... [] []
[2022-02-28T22:22:48.673063+01:00] flutterwave/rave.NOTICE: Generating Checksum.... [] []
[2022-02-28T22:43:59.522570+01:00] flutterwave/rave.NOTICE: Generating Reference Number.... [] []
[2022-02-28T22:43:59.529217+01:00] flutterwave/rave.NOTICE: Generated Reference Number....MY_NAME_5a22a7f270abc88866 [] []
[2022-02-28T22:43:59.529326+01:00] flutterwave/rave.NOTICE: Rave Class Initializes.... [] []
[2022-02-28T22:43:59.529412+01:00] flutterwave/rave.NOTICE: Generating Checksum.... [] []
