[2022-03-02T03:05:13.065148+01:00] flutterwave/rave.NOTICE: Generating Reference Number.... [] []
[2022-03-02T03:05:13.412759+01:00] flutterwave/rave.NOTICE: Generated Reference Number....MY_NAME_5a22a7f270abc88866 [] []
[2022-03-02T03:05:13.412948+01:00] flutterwave/rave.NOTICE: Rave Class Initializes.... [] []
[2022-03-02T03:05:13.413117+01:00] flutterwave/rave.NOTICE: Generating Checksum.... [] []
[2022-03-02T03:05:17.894030+01:00] flutterwave/rave.NOTICE: Generating Reference Number.... [] []
[2022-03-02T03:05:17.899990+01:00] flutterwave/rave.NOTICE: Generated Reference Number....MY_NAME_5a22a7f270abc88866 [] []
[2022-03-02T03:05:17.919009+01:00] flutterwave/rave.NOTICE: Rave Class Initializes.... [] []
[2022-03-02T03:05:17.919200+01:00] flutterwave/rave.NOTICE: Generating Checksum.... [] []
[2022-03-02T21:49:00.357860+01:00] flutterwave/rave.NOTICE: Generating Reference Number.... [] []
[2022-03-02T21:49:00.565544+01:00] flutterwave/rave.NOTICE: Generated Reference Number....OMAE SOFTWARE_621fd83c8a10d [] []
[2022-03-02T21:49:00.565645+01:00] flutterwave/rave.NOTICE: Rave Class Initializes.... [] []
[2022-03-02T23:10:46.994461+01:00] flutterwave/rave.NOTICE: Generating Reference Number.... [] []
[2022-03-02T23:10:46.998053+01:00] flutterwave/rave.NOTICE: Generated Reference Number....MY_NAME_5a22a7f270abc88866 [] []
[2022-03-02T23:10:46.998145+01:00] flutterwave/rave.NOTICE: Rave Class Initializes.... [] []
[2022-03-02T23:10:46.998246+01:00] flutterwave/rave.NOTICE: Generating Checksum.... [] []
[2022-03-02T23:20:56.824078+01:00] flutterwave/rave.NOTICE: Generating Reference Number.... [] []
[2022-03-02T23:20:56.827345+01:00] flutterwave/rave.NOTICE: Generated Reference Number....MY_NAME_5a22a7f270abc88866 [] []
[2022-03-02T23:20:56.827438+01:00] flutterwave/rave.NOTICE: Rave Class Initializes.... [] []
[2022-03-02T23:20:56.827523+01:00] flutterwave/rave.NOTICE: Generating Checksum.... [] []
[2022-03-02T23:21:50.833259+01:00] flutterwave/rave.NOTICE: Generating Reference Number.... [] []
[2022-03-02T23:21:50.840339+01:00] flutterwave/rave.NOTICE: Generated Reference Number....MY_NAME_5a22a7f270abc88866 [] []
[2022-03-02T23:21:50.840700+01:00] flutterwave/rave.NOTICE: Rave Class Initializes.... [] []
[2022-03-02T23:21:50.840840+01:00] flutterwave/rave.NOTICE: Generating Checksum.... [] []
[2022-03-02T23:25:17.923628+01:00] flutterwave/rave.NOTICE: Generating Reference Number.... [] []
[2022-03-02T23:25:17.930230+01:00] flutterwave/rave.NOTICE: Generated Reference Number....MY_NAME_5a22a7f270abc88866 [] []
[2022-03-02T23:25:17.930337+01:00] flutterwave/rave.NOTICE: Rave Class Initializes.... [] []
[2022-03-02T23:25:17.930429+01:00] flutterwave/rave.NOTICE: Generating Checksum.... [] []
[2022-03-02T23:30:31.950756+01:00] flutterwave/rave.NOTICE: Generating Reference Number.... [] []
[2022-03-02T23:30:31.955499+01:00] flutterwave/rave.NOTICE: Generated Reference Number....MY_NAME_5a22a7f270abc88866 [] []
[2022-03-02T23:30:31.955625+01:00] flutterwave/rave.NOTICE: Rave Class Initializes.... [] []
[2022-03-02T23:30:31.955731+01:00] flutterwave/rave.NOTICE: Generating Checksum.... [] []
[2022-03-02T23:31:16.491846+01:00] flutterwave/rave.NOTICE: Generating Reference Number.... [] []
[2022-03-02T23:31:16.496580+01:00] flutterwave/rave.NOTICE: Generated Reference Number....MY_NAME_5a22a7f270abc88866 [] []
[2022-03-02T23:31:16.496702+01:00] flutterwave/rave.NOTICE: Rave Class Initializes.... [] []
[2022-03-02T23:31:16.496814+01:00] flutterwave/rave.NOTICE: Generating Checksum.... [] []
[2022-03-02T23:34:30.684787+01:00] flutterwave/rave.NOTICE: Generating Reference Number.... [] []
[2022-03-02T23:34:30.689031+01:00] flutterwave/rave.NOTICE: Generated Reference Number....MY_NAME_5a22a7f270abc8879 [] []
[2022-03-02T23:34:30.689136+01:00] flutterwave/rave.NOTICE: Rave Class Initializes.... [] []
[2022-03-02T23:34:30.689234+01:00] flutterwave/rave.NOTICE: Generating Checksum.... [] []
[2022-03-02T23:35:03.953541+01:00] flutterwave/rave.NOTICE: Generating Reference Number.... [] []
[2022-03-02T23:35:03.957054+01:00] flutterwave/rave.NOTICE: Generated Reference Number....MY_NAME_5a22a7f270abc8879 [] []
[2022-03-02T23:35:03.957252+01:00] flutterwave/rave.NOTICE: Rave Class Initializes.... [] []
[2022-03-02T23:35:03.957360+01:00] flutterwave/rave.NOTICE: Generating Checksum.... [] []
[2022-03-02T23:35:41.262188+01:00] flutterwave/rave.NOTICE: Generating Reference Number.... [] []
[2022-03-02T23:35:41.265680+01:00] flutterwave/rave.NOTICE: Generated Reference Number....MY_NAME_5a22a7f270abc8879 [] []
[2022-03-02T23:35:41.265794+01:00] flutterwave/rave.NOTICE: Rave Class Initializes.... [] []
[2022-03-02T23:35:41.265890+01:00] flutterwave/rave.NOTICE: Generating Checksum.... [] []
[2022-03-02T23:36:19.448981+01:00] flutterwave/rave.NOTICE: Generating Reference Number.... [] []
[2022-03-02T23:36:19.452753+01:00] flutterwave/rave.NOTICE: Generated Reference Number....MY_NAME_5a22a7f270abc8879 [] []
[2022-03-02T23:36:19.452872+01:00] flutterwave/rave.NOTICE: Rave Class Initializes.... [] []
[2022-03-02T23:36:19.452974+01:00] flutterwave/rave.NOTICE: Generating Checksum.... [] []
[2022-03-02T23:36:40.418637+01:00] flutterwave/rave.NOTICE: Generating Reference Number.... [] []
[2022-03-02T23:36:40.425362+01:00] flutterwave/rave.NOTICE: Generated Reference Number....MY_NAME_5a22a7f270abc8879 [] []
[2022-03-02T23:36:40.425471+01:00] flutterwave/rave.NOTICE: Rave Class Initializes.... [] []
[2022-03-02T23:36:40.425565+01:00] flutterwave/rave.NOTICE: Generating Checksum.... [] []
